0 info it worked if it ends with ok
1 verbose cli [ 'D:\\nodejs\\node.exe',
1 verbose cli   'D:\\nodejs\\node_modules\\npm\\bin\\npm-cli.js',
1 verbose cli   'run',
1 verbose cli   'test' ]
2 info using npm@3.10.10
3 info using node@v6.11.4
4 verbose run-script [ 'pretest', 'test', 'posttest' ]
5 info lifecycle node-sdk@1.2.0~pretest: node-sdk@1.2.0
6 silly lifecycle node-sdk@1.2.0~pretest: no script for pretest, continuing
7 info lifecycle node-sdk@1.2.0~test: node-sdk@1.2.0
8 verbose lifecycle node-sdk@1.2.0~test: unsafe-perm in lifecycle true
9 verbose lifecycle node-sdk@1.2.0~test: PATH: D:\nodejs\node_modules\npm\bin\node-gyp-bin;e:\aip-node-sdk-1.2.0\node_modules\.bin;D:\Python27\;D:\Python27\Scripts;C:\Program Files (x86)\CA\SharedComponents\PEC\bin;C:\ProgramData\Oracle\Java\javapath;c:\Program Files (x86)\RSA SecurID Token Common;C:\windows\system32;C:\windows;C:\windows\System32\Wbem;C:\windows\System32\WindowsPowerShell\v1.0\;C:\Program Files\TortoiseSVN\bin;C:\Program Files\CA\SCM;C:\Program Files (x86)\lotus\notes;D:\Java\jdk1.8.0_45\bin;D:\ant197\bin;C:\Program Files\Microsoft SQL Server\120\Tools\Binn\;C:\Users\388171\AppData\Local\Android\sdk\platform-tools;D:\nodejs;D:\nodejs\node_modules\npm;E:\Android\Sdk\ndk-bundle;e:\Git\cmd;E:\Android\Sdk\platform-tools;D:\cocos2d-x-3.13\templates;D:\cocos2d-x-3.13\tools\cocos2d-console\bin;C:\Users\388171\AppData\Local\atom\bin;E:\Microsoft VS Code\bin;d:\nodejs\npm
10 verbose lifecycle node-sdk@1.2.0~test: CWD: e:\aip-node-sdk-1.2.0
11 silly lifecycle node-sdk@1.2.0~test: Args: [ '/d /s /c', 'echo "Error: no test specified" && exit 1' ]
12 silly lifecycle node-sdk@1.2.0~test: Returned: code: 1  signal: null
13 info lifecycle node-sdk@1.2.0~test: Failed to exec test script
14 verbose stack Error: node-sdk@1.2.0 test: `echo "Error: no test specified" && exit 1`
14 verbose stack Exit status 1
14 verbose stack     at EventEmitter.<anonymous> (D:\nodejs\node_modules\npm\lib\utils\lifecycle.js:255:16)
14 verbose stack     at emitTwo (events.js:106:13)
14 verbose stack     at EventEmitter.emit (events.js:191:7)
14 verbose stack     at ChildProcess.<anonymous> (D:\nodejs\node_modules\npm\lib\utils\spawn.js:40:14)
14 verbose stack     at emitTwo (events.js:106:13)
14 verbose stack     at ChildProcess.emit (events.js:191:7)
14 verbose stack     at maybeClose (internal/child_process.js:920:16)
14 verbose stack     at Process.ChildProcess._handle.onexit (internal/child_process.js:230:5)
15 verbose pkgid node-sdk@1.2.0
16 verbose cwd e:\aip-node-sdk-1.2.0
17 error Windows_NT 6.1.7601
18 error argv "D:\\nodejs\\node.exe" "D:\\nodejs\\node_modules\\npm\\bin\\npm-cli.js" "run" "test"
19 error node v6.11.4
20 error npm  v3.10.10
21 error code ELIFECYCLE
22 error node-sdk@1.2.0 test: `echo "Error: no test specified" && exit 1`
22 error Exit status 1
23 error Failed at the node-sdk@1.2.0 test script 'echo "Error: no test specified" && exit 1'.
23 error Make sure you have the latest version of node.js and npm installed.
23 error If you do, this is most likely a problem with the node-sdk package,
23 error not with npm itself.
23 error Tell the author that this fails on your system:
23 error     echo "Error: no test specified" && exit 1
23 error You can get information on how to open an issue for this project with:
23 error     npm bugs node-sdk
23 error Or if that isn't available, you can get their info via:
23 error     npm owner ls node-sdk
23 error There is likely additional logging output above.
24 verbose exit [ 1, true ]
